\BOOKMARK [0][-]{chapter*.5}{Introduction g\351n\351rale}{}% 1
\BOOKMARK [0][-]{chapter.1}{\311tat de l'art}{}% 2
\BOOKMARK [1][-]{section.1.1}{Vision artificielle:}{chapter.1}% 3
\BOOKMARK [2][-]{subsection.1.1.1}{L'interaction homme machine}{section.1.1}% 4
\BOOKMARK [2][-]{subsection.1.1.2}{D\351finition de la Vision Artificielle}{section.1.1}% 5
\BOOKMARK [2][-]{subsection.1.1.3}{Syst\350mes de Vision Artificielle}{section.1.1}% 6
\BOOKMARK [1][-]{section.1.2}{Reconnaissance et d\351tection d'objets:}{chapter.1}% 7
\BOOKMARK [2][-]{subsection.1.2.1}{Approche 2D}{section.1.2}% 8
\BOOKMARK [2][-]{subsection.1.2.2}{Approche g\351om\351trique}{section.1.2}% 9
\BOOKMARK [1][-]{section.1.3}{Images de profondeurs et applications}{chapter.1}% 10
\BOOKMARK [2][-]{subsection.1.3.1}{Pr\351sentation de la KINECT}{section.1.3}% 11
\BOOKMARK [2][-]{subsection.1.3.2}{Composants de la KINECT}{section.1.3}% 12
\BOOKMARK [2][-]{subsection.1.3.3}{Exemples d'application du capteur KINECT}{section.1.3}% 13
\BOOKMARK [1][-]{section.1.4}{Conclusion}{chapter.1}% 14
\BOOKMARK [0][-]{chapter.2}{Conception}{}% 15
\BOOKMARK [1][-]{section.2.1}{Introduction}{chapter.2}% 16
\BOOKMARK [1][-]{section.2.2}{R\351cup\351ration du flux de donn\351es de la KINECT}{chapter.2}% 17
\BOOKMARK [2][-]{subsection.2.2.1}{Initialisation}{section.2.2}% 18
\BOOKMARK [2][-]{subsection.2.2.2}{Traitement }{section.2.2}% 19
\BOOKMARK [2][-]{subsection.2.2.3}{Affichage relatif \340 la profondeur}{section.2.2}% 20
\BOOKMARK [1][-]{section.2.3}{D\351tection de l'outil d'\351criture}{chapter.2}% 21
\BOOKMARK [1][-]{section.2.4}{Calibrage du support d'\351criture}{chapter.2}% 22
\BOOKMARK [2][-]{subsection.2.4.1}{\311mulation de l'\351criture}{section.2.4}% 23
\BOOKMARK [1][-]{section.2.5}{Pr\351cision de l'\351criture: O\371 est la bille du stylo sur l'image de profondeurs}{chapter.2}% 24
\BOOKMARK [2][-]{subsection.2.5.1}{Am\351lioration de la d\351tection de la bille}{section.2.5}% 25
\BOOKMARK [1][-]{section.2.6}{Arr\352t et effa\347age de l'\351criture}{chapter.2}% 26
\BOOKMARK [1][-]{section.2.7}{Conclusion}{chapter.2}% 27
\BOOKMARK [0][-]{chapter.3}{Exp\351rimentation et R\351sultats}{}% 28
\BOOKMARK [1][-]{section.3.1}{Introduction}{chapter.3}% 29
\BOOKMARK [1][-]{section.3.2}{Environnement de d\351veloppement}{chapter.3}% 30
\BOOKMARK [2][-]{subsection.3.2.1}{Configuration mat\351rielle et logicielle}{section.3.2}% 31
\BOOKMARK [1][-]{section.3.3}{Sc\351nario d'ex\351cution}{chapter.3}% 32
\BOOKMARK [1][-]{section.3.4}{Tests et r\351sultats}{chapter.3}% 33
\BOOKMARK [2][-]{subsection.3.4.1}{Jointure des pixels "bille" par des segments de droites \(avec le pixel le plus proche\)}{section.3.4}% 34
\BOOKMARK [2][-]{subsection.3.4.2}{Variation du nombres de frames}{section.3.4}% 35
\BOOKMARK [2][-]{subsection.3.4.3}{Consid\351ration du barycentre combin\351 \340 la moyenne de positions de la "bille" dans les frames}{section.3.4}% 36
\BOOKMARK [1][-]{section.3.5}{Effa\347age}{chapter.3}% 37
\BOOKMARK [1][-]{section.3.6}{Discussion et travaux futurs}{chapter.3}% 38
\BOOKMARK [1][-]{section.3.7}{Conclusion}{chapter.3}% 39
\BOOKMARK [0][-]{chapter*.37}{Conclusion g\351n\351rale}{}% 40
